\BOOKMARK [1][-]{Indice General.1}{Indice General}{}% 1
\BOOKMARK [0][-]{chapter*.5}{List of Figures}{}% 2
\BOOKMARK [0][-]{chapter*.6}{List of Tables}{}% 3
\BOOKMARK [0][-]{chapter*.7}{List of abbreviations}{}% 4
\BOOKMARK [0][-]{chapter.1}{1 Introduction}{}% 5
\BOOKMARK [1][-]{section.1.1}{1.1 Project background}{chapter.1}% 6
\BOOKMARK [2][-]{subsection.1.1.1}{1.1.1 Organization}{section.1.1}% 7
\BOOKMARK [2][-]{subsection.1.1.2}{1.1.2 Knowledge area}{section.1.1}% 8
\BOOKMARK [2][-]{subsection.1.1.3}{1.1.3 Similar works}{section.1.1}% 9
\BOOKMARK [1][-]{section.1.2}{1.2 Problem statement}{chapter.1}% 10
\BOOKMARK [2][-]{subsection.1.2.1}{1.2.1 Problem context}{section.1.2}% 11
\BOOKMARK [2][-]{subsection.1.2.2}{1.2.2 Justification of the problem}{section.1.2}% 12
\BOOKMARK [2][-]{subsection.1.2.3}{1.2.3 Problem definition}{section.1.2}% 13
\BOOKMARK [1][-]{section.1.3}{1.3 Objectives}{chapter.1}% 14
\BOOKMARK [2][-]{subsection.1.3.1}{1.3.1 Main objective}{section.1.3}% 15
\BOOKMARK [2][-]{subsection.1.3.2}{1.3.2 Specific objectives}{section.1.3}% 16
\BOOKMARK [1][-]{section.1.4}{1.4 Scope, deliverables and limitations}{chapter.1}% 17
\BOOKMARK [2][-]{subsection.1.4.1}{1.4.1 Scope}{section.1.4}% 18
\BOOKMARK [2][-]{subsection.1.4.2}{1.4.2 Deliverables}{section.1.4}% 19
\BOOKMARK [2][-]{subsection.1.4.3}{1.4.3 Limitations}{section.1.4}% 20
\BOOKMARK [0][-]{chapter.2}{2 Theoretical framework}{}% 21
\BOOKMARK [1][-]{section.2.1}{2.1 Convolutional neural networks}{chapter.2}% 22
\BOOKMARK [2][-]{subsection.2.1.1}{2.1.1 Convolution layer}{section.2.1}% 23
\BOOKMARK [2][-]{subsection.2.1.2}{2.1.2 Pooling Layer}{section.2.1}% 24
\BOOKMARK [2][-]{subsection.2.1.3}{2.1.3 Fully-connected Layer}{section.2.1}% 25
\BOOKMARK [2][-]{subsection.2.1.4}{2.1.4 Normalization}{section.2.1}% 26
\BOOKMARK [2][-]{subsection.2.1.5}{2.1.5 Examples of CNN architectures}{section.2.1}% 27
\BOOKMARK [1][-]{section.2.2}{2.2 Approximate computing}{chapter.2}% 28
\BOOKMARK [2][-]{subsection.2.2.1}{2.2.1 Approximate hardware definition}{section.2.2}% 29
\BOOKMARK [2][-]{subsection.2.2.2}{2.2.2 Approximate neural networks}{section.2.2}% 30
\BOOKMARK [2][-]{subsection.2.2.3}{2.2.3 Approximate FPGA implementations}{section.2.2}% 31
\BOOKMARK [1][-]{section.2.3}{2.3 Intel\256 FPGA SDK for OpenCLTM}{chapter.2}% 32
\BOOKMARK [0][-]{chapter.3}{3 Methodology}{}% 33
\BOOKMARK [1][-]{section.3.1}{3.1 Type of research}{chapter.3}% 34
\BOOKMARK [2][-]{subsection.3.1.1}{3.1.1 Application perspective}{section.3.1}% 35
\BOOKMARK [2][-]{subsection.3.1.2}{3.1.2 Objectives perspective}{section.3.1}% 36
\BOOKMARK [2][-]{subsection.3.1.3}{3.1.3 Mode of enquiry}{section.3.1}% 37
\BOOKMARK [1][-]{section.3.2}{3.2 Kernel creation}{chapter.3}% 38
\BOOKMARK [2][-]{subsection.3.2.1}{3.2.1 Exact kernel generation}{section.3.2}% 39
\BOOKMARK [2][-]{subsection.3.2.2}{3.2.2 Approximate kernel generation}{section.3.2}% 40
\BOOKMARK [1][-]{section.3.3}{3.3 Validation}{chapter.3}% 41
\BOOKMARK [2][-]{subsection.3.3.1}{3.3.1 Accuracy}{section.3.3}% 42
\BOOKMARK [2][-]{subsection.3.3.2}{3.3.2 Resource usage}{section.3.3}% 43
\BOOKMARK [2][-]{subsection.3.3.3}{3.3.3 Performance}{section.3.3}% 44
\BOOKMARK [0][-]{chapter.4}{4 Solution description}{}% 45
\BOOKMARK [1][-]{section.4.1}{4.1 Solution}{chapter.4}% 46
\BOOKMARK [2][-]{subsection.4.1.1}{4.1.1 Base CaffeNet implementation}{section.4.1}% 47
\BOOKMARK [2][-]{subsection.4.1.2}{4.1.2 Base FPGA implementation}{section.4.1}% 48
\BOOKMARK [2][-]{subsection.4.1.3}{4.1.3 Approximate changes}{section.4.1}% 49
\BOOKMARK [2][-]{subsection.4.1.4}{4.1.4 Validation and measurements}{section.4.1}% 50
\BOOKMARK [1][-]{section.4.2}{4.2 Results and analysis}{chapter.4}% 51
\BOOKMARK [0][-]{chapter.5}{5 Conclusions and recommendations}{}% 52
\BOOKMARK [1][-]{section.5.1}{5.1 Conclusions}{chapter.5}% 53
\BOOKMARK [1][-]{section.5.2}{5.2 Recommendations}{chapter.5}% 54
\BOOKMARK [0][-]{chapter*.42}{Bibliography}{}% 55
\BOOKMARK [0][-]{appendix.A}{A Implicaciones sociales y \351ticas del proyecto}{}% 56
